# JRE version: Java(TM) SE Runtime Environment (8.0_111-b14) (build 1.8.0_111-b14)
# Java VM: Java HotSpot(TM) 64-Bit Server VM (25.111-b14 mixed mode windows-amd64 compressed oops)
Heap:
 PSYoungGen      total 25600K, used 15110K [0x00000000d6180000, 0x00000000d7c00000, 0x0000000100000000)
  eden space 24064K, 61% used [0x00000000d6180000,0x00000000d6ff9830,0x00000000d7900000)
  from space 1536K, 18% used [0x00000000d7a80000,0x00000000d7ac8000,0x00000000d7c00000)
  to   space 1536K, 0% used [0x00000000d7900000,0x00000000d7900000,0x00000000d7a80000)
 ParOldGen       total 86016K, used 13449K [0x0000000082400000, 0x0000000087800000, 0x00000000d6180000)
  object space 86016K, 15% used [0x0000000082400000,0x00000000831227b8,0x0000000087800000)
 Metaspace       used 13645K, capacity 13864K, committed 14080K, reserved 1062912K
  class space    used 1357K, capacity 1424K, committed 1536K, reserved 1048576K
GC Heap History (10 events):
Event: 96.568 GC heap before
{Heap before GC invocations=636 (full 0):
 PSYoungGen      total 25600K, used 24288K [0x00000000d6180000, 0x00000000d7c00000, 0x0000000100000000)
  eden space 24064K, 100% used [0x00000000d6180000,0x00000000d7900000,0x00000000d7900000)
  from space 1536K, 14% used [0x00000000d7900000,0x00000000d7938000,0x00000000d7a80000)
  to   space 1536K, 0% used [0x00000000d7a80000,0x00000000d7a80000,0x00000000d7c00000)
 ParOldGen       total 86016K, used 13201K [0x0000000082400000, 0x0000000087800000, 0x00000000d6180000)
  object space 86016K, 15% used [0x0000000082400000,0x00000000830e47b8,0x0000000087800000)
 Metaspace       used 13645K, capacity 13864K, committed 14080K, reserved 1062912K
  class space    used 1357K, capacity 1424K, committed 1536K, reserved 1048576K
Event: 96.570 GC heap after
Heap after GC invocations=636 (full 0):
 PSYoungGen      total 25600K, used 224K [0x00000000d6180000, 0x00000000d7c00000, 0x0000000100000000)
  eden space 24064K, 0% used [0x00000000d6180000,0x00000000d6180000,0x00000000d7900000)
  from space 1536K, 14% used [0x00000000d7a80000,0x00000000d7ab8000,0x00000000d7c00000)
  to   space 1536K, 0% used [0x00000000d7900000,0x00000000d7900000,0x00000000d7a80000)
 ParOldGen       total 86016K, used 13249K [0x0000000082400000, 0x0000000087800000, 0x00000000d6180000)
  object space 86016K, 15% used [0x0000000082400000,0x00000000830f07b8,0x0000000087800000)
 Metaspace       used 13645K, capacity 13864K, committed 14080K, reserved 1062912K
  class space    used 1357K, capacity 1424K, committed 1536K, reserved 1048576K
}
Event: 97.755 GC heap before
{Heap before GC invocations=637 (full 0):
 PSYoungGen      total 25600K, used 24288K [0x00000000d6180000, 0x00000000d7c00000, 0x0000000100000000)
  eden space 24064K, 100% used [0x00000000d6180000,0x00000000d7900000,0x00000000d7900000)
  from space 1536K, 14% used [0x00000000d7a80000,0x00000000d7ab8000,0x00000000d7c00000)
  to   space 1536K, 0% used [0x00000000d7900000,0x00000000d7900000,0x00000000d7a80000)
 ParOldGen       total 86016K, used 13249K [0x0000000082400000, 0x0000000087800000, 0x00000000d6180000)
  object space 86016K, 15% used [0x0000000082400000,0x00000000830f07b8,0x0000000087800000)
 Metaspace       used 13645K, capacity 13864K, committed 14080K, reserved 1062912K
  class space    used 1357K, capacity 1424K, committed 1536K, reserved 1048576K
Event: 97.756 GC heap after
Heap after GC invocations=637 (full 0):
 PSYoungGen      total 25600K, used 224K [0x00000000d6180000, 0x00000000d7c00000, 0x0000000100000000)
  eden space 24064K, 0% used [0x00000000d6180000,0x00000000d6180000,0x00000000d7900000)
  from space 1536K, 14% used [0x00000000d7900000,0x00000000d7938000,0x00000000d7a80000)
  to   space 1536K, 0% used [0x00000000d7a80000,0x00000000d7a80000,0x00000000d7c00000)
 ParOldGen       total 86016K, used 13297K [0x0000000082400000, 0x0000000087800000, 0x00000000d6180000)
  object space 86016K, 15% used [0x0000000082400000,0x00000000830fc7b8,0x0000000087800000)
 Metaspace       used 13645K, capacity 13864K, committed 14080K, reserved 1062912K
  class space    used 1357K, capacity 1424K, committed 1536K, reserved 1048576K
}
Event: 98.880 GC heap before
{Heap before GC invocations=638 (full 0):
 PSYoungGen      total 25600K, used 24288K [0x00000000d6180000, 0x00000000d7c00000, 0x0000000100000000)
  eden space 24064K, 100% used [0x00000000d6180000,0x00000000d7900000,0x00000000d7900000)
  from space 1536K, 14% used [0x00000000d7900000,0x00000000d7938000,0x00000000d7a80000)
  to   space 1536K, 0% used [0x00000000d7a80000,0x00000000d7a80000,0x00000000d7c00000)
 ParOldGen       total 86016K, used 13297K [0x0000000082400000, 0x0000000087800000, 0x00000000d6180000)
  object space 86016K, 15% used [0x0000000082400000,0x00000000830fc7b8,0x0000000087800000)
 Metaspace       used 13645K, capacity 13864K, committed 14080K, reserved 1062912K
  class space    used 1357K, capacity 1424K, committed 1536K, reserved 1048576K
Event: 98.883 GC heap after
Heap after GC invocations=638 (full 0):
 PSYoungGen      total 25600K, used 192K [0x00000000d6180000, 0x00000000d7c00000, 0x0000000100000000)
  eden space 24064K, 0% used [0x00000000d6180000,0x00000000d6180000,0x00000000d7900000)
  from space 1536K, 12% used [0x00000000d7a80000,0x00000000d7ab0000,0x00000000d7c00000)
  to   space 1536K, 0% used [0x00000000d7900000,0x00000000d7900000,0x00000000d7a80000)
 ParOldGen       total 86016K, used 13337K [0x0000000082400000, 0x0000000087800000, 0x00000000d6180000)
  object space 86016K, 15% used [0x0000000082400000,0x00000000831067b8,0x0000000087800000)
 Metaspace       used 13645K, capacity 13864K, committed 14080K, reserved 1062912K
  class space    used 1357K, capacity 1424K, committed 1536K, reserved 1048576K
}
Event: 99.943 GC heap before
{Heap before GC invocations=639 (full 0):
 PSYoungGen      total 25600K, used 24256K [0x00000000d6180000, 0x00000000d7c00000, 0x0000000100000000)
  eden space 24064K, 100% used [0x00000000d6180000,0x00000000d7900000,0x00000000d7900000)
  from space 1536K, 12% used [0x00000000d7a80000,0x00000000d7ab0000,0x00000000d7c00000)
  to   space 1536K, 0% used [0x00000000d7900000,0x00000000d7900000,0x00000000d7a80000)
 ParOldGen       total 86016K, used 13337K [0x0000000082400000, 0x0000000087800000, 0x00000000d6180000)
  object space 86016K, 15% used [0x0000000082400000,0x00000000831067b8,0x0000000087800000)
 Metaspace       used 13645K, capacity 13864K, committed 14080K, reserved 1062912K
  class space    used 1357K, capacity 1424K, committed 1536K, reserved 1048576K
Event: 99.944 GC heap after
Heap after GC invocations=639 (full 0):
 PSYoungGen      total 25600K, used 256K [0x00000000d6180000, 0x00000000d7c00000, 0x0000000100000000)
  eden space 24064K, 0% used [0x00000000d6180000,0x00000000d6180000,0x00000000d7900000)
  from space 1536K, 16% used [0x00000000d7900000,0x00000000d7940000,0x00000000d7a80000)
  to   space 1536K, 0% used [0x00000000d7a80000,0x00000000d7a80000,0x00000000d7c00000)
 ParOldGen       total 86016K, used 13385K [0x0000000082400000, 0x0000000087800000, 0x00000000d6180000)
  object space 86016K, 15% used [0x0000000082400000,0x00000000831127b8,0x0000000087800000)
 Metaspace       used 13645K, capacity 13864K, committed 14080K, reserved 1062912K
  class space    used 1357K, capacity 1424K, committed 1536K, reserved 1048576K
}
Event: 101.000 GC heap before
{Heap before GC invocations=640 (full 0):
 PSYoungGen      total 25600K, used 24320K [0x00000000d6180000, 0x00000000d7c00000, 0x0000000100000000)
  eden space 24064K, 100% used [0x00000000d6180000,0x00000000d7900000,0x00000000d7900000)
  from space 1536K, 16% used [0x00000000d7900000,0x00000000d7940000,0x00000000d7a80000)
  to   space 1536K, 0% used [0x00000000d7a80000,0x00000000d7a80000,0x00000000d7c00000)
 ParOldGen       total 86016K, used 13385K [0x0000000082400000, 0x0000000087800000, 0x00000000d6180000)
  object space 86016K, 15% used [0x0000000082400000,0x00000000831127b8,0x0000000087800000)
 Metaspace       used 13645K, capacity 13864K, committed 14080K, reserved 1062912K
  class space    used 1357K, capacity 1424K, committed 1536K, reserved 1048576K
Event: 101.002 GC heap after
Heap after GC invocations=640 (full 0):
 PSYoungGen      total 25600K, used 288K [0x00000000d6180000, 0x00000000d7c00000, 0x0000000100000000)
  eden space 24064K, 0% used [0x00000000d6180000,0x00000000d6180000,0x00000000d7900000)
  from space 1536K, 18% used [0x00000000d7a80000,0x00000000d7ac8000,0x00000000d7c00000)
  to   space 1536K, 0% used [0x00000000d7900000,0x00000000d7900000,0x00000000d7a80000)
 ParOldGen       total 86016K, used 13449K [0x0000000082400000, 0x0000000087800000, 0x00000000d6180000)
  object space 86016K, 15% used [0x0000000082400000,0x00000000831227b8,0x0000000087800000)
 Metaspace       used 13645K, capacity 13864K, committed 14080K, reserved 1062912K
  class space    used 1357K, capacity 1424K, committed 1536K, reserved 1048576K
}

